# JRE version: Java(TM) SE Runtime Environment (8.0_31-b13) (build 1.8.0_31-b13)
# Java VM: Java HotSpot(TM) 64-Bit Server VM (25.31-b07 mixed mode windows-amd64 compressed oops)
Heap:
 PSYoungGen      total 325632K, used 228699K [0x00000000e0980000, 0x00000000f7a00000, 0x0000000100000000)
  eden space 325120K, 70% used [0x00000000e0980000,0x00000000ee8c6cf8,0x00000000f4700000)
  from space 512K, 12% used [0x00000000f7980000,0x00000000f7990000,0x00000000f7a00000)
  to   space 20992K, 0% used [0x00000000f5100000,0x00000000f5100000,0x00000000f6580000)
 ParOldGen       total 65536K, used 31950K [0x00000000a1c00000, 0x00000000a5c00000, 0x00000000e0980000)
  object space 65536K, 48% used [0x00000000a1c00000,0x00000000a3b339f8,0x00000000a5c00000)
 Metaspace       used 13085K, capacity 13252K, committed 13440K, reserved 1060864K
  class space    used 1798K, capacity 1834K, committed 1920K, reserved 1048576K
GC Heap History (10 events):
Event: 5.861 GC heap before
{Heap before GC invocations=8 (full 0):
 PSYoungGen      total 221696K, used 196672K [0x00000000e0980000, 0x00000000fb980000, 0x0000000100000000)
  eden space 196608K, 100% used [0x00000000e0980000,0x00000000ec980000,0x00000000ec980000)
  from space 25088K, 0% used [0x00000000ec980000,0x00000000ec990000,0x00000000ee200000)
  to   space 24576K, 0% used [0x00000000fa180000,0x00000000fa180000,0x00000000fb980000)
 ParOldGen       total 65536K, used 31910K [0x00000000a1c00000, 0x00000000a5c00000, 0x00000000e0980000)
  object space 65536K, 48% used [0x00000000a1c00000,0x00000000a3b299f8,0x00000000a5c00000)
 Metaspace       used 3319K, capacity 4594K, committed 4864K, reserved 1056768K
  class space    used 353K, capacity 418K, committed 512K, reserved 1048576K
Event: 5.862 GC heap after
Heap after GC invocations=8 (full 0):
 PSYoungGen      total 416768K, used 32K [0x00000000e0980000, 0x00000000fb880000, 0x0000000100000000)
  eden space 393216K, 0% used [0x00000000e0980000,0x00000000e0980000,0x00000000f8980000)
  from space 23552K, 0% used [0x00000000fa180000,0x00000000fa188000,0x00000000fb880000)
  to   space 24064K, 0% used [0x00000000f8980000,0x00000000f8980000,0x00000000fa100000)
 ParOldGen       total 65536K, used 31926K [0x00000000a1c00000, 0x00000000a5c00000, 0x00000000e0980000)
  object space 65536K, 48% used [0x00000000a1c00000,0x00000000a3b2d9f8,0x00000000a5c00000)
 Metaspace       used 3319K, capacity 4594K, committed 4864K, reserved 1056768K
  class space    used 353K, capacity 418K, committed 512K, reserved 1048576K
}
Event: 7.896 GC heap before
{Heap before GC invocations=9 (full 0):
 PSYoungGen      total 416768K, used 393248K [0x00000000e0980000, 0x00000000fb880000, 0x0000000100000000)
  eden space 393216K, 100% used [0x00000000e0980000,0x00000000f8980000,0x00000000f8980000)
  from space 23552K, 0% used [0x00000000fa180000,0x00000000fa188000,0x00000000fb880000)
  to   space 24064K, 0% used [0x00000000f8980000,0x00000000f8980000,0x00000000fa100000)
 ParOldGen       total 65536K, used 31926K [0x00000000a1c00000, 0x00000000a5c00000, 0x00000000e0980000)
  object space 65536K, 48% used [0x00000000a1c00000,0x00000000a3b2d9f8,0x00000000a5c00000)
 Metaspace       used 3319K, capacity 4594K, committed 4864K, reserved 1056768K
  class space    used 353K, capacity 418K, committed 512K, reserved 1048576K
Event: 7.898 GC heap after
Heap after GC invocations=9 (full 0):
 PSYoungGen      total 375296K, used 32K [0x00000000e0980000, 0x00000000fa580000, 0x0000000100000000)
  eden space 374784K, 0% used [0x00000000e0980000,0x00000000e0980000,0x00000000f7780000)
  from space 512K, 6% used [0x00000000f8980000,0x00000000f8988000,0x00000000f8a00000)
  to   space 23552K, 0% used [0x00000000f8e80000,0x00000000f8e80000,0x00000000fa580000)
 ParOldGen       total 65536K, used 31934K [0x00000000a1c00000, 0x00000000a5c00000, 0x00000000e0980000)
  object space 65536K, 48% used [0x00000000a1c00000,0x00000000a3b2f9f8,0x00000000a5c00000)
 Metaspace       used 3319K, capacity 4594K, committed 4864K, reserved 1056768K
  class space    used 353K, capacity 418K, committed 512K, reserved 1048576K
}
Event: 9.674 GC heap before
{Heap before GC invocations=10 (full 0):
 PSYoungGen      total 375296K, used 374816K [0x00000000e0980000, 0x00000000fa580000, 0x0000000100000000)
  eden space 374784K, 100% used [0x00000000e0980000,0x00000000f7780000,0x00000000f7780000)
  from space 512K, 6% used [0x00000000f8980000,0x00000000f8988000,0x00000000f8a00000)
  to   space 23552K, 0% used [0x00000000f8e80000,0x00000000f8e80000,0x00000000fa580000)
 ParOldGen       total 65536K, used 31934K [0x00000000a1c00000, 0x00000000a5c00000, 0x00000000e0980000)
  object space 65536K, 48% used [0x00000000a1c00000,0x00000000a3b2f9f8,0x00000000a5c00000)
 Metaspace       used 3319K, capacity 4594K, committed 4864K, reserved 1056768K
  class space    used 353K, capacity 418K, committed 512K, reserved 1048576K
Event: 9.676 GC heap after
Heap after GC invocations=10 (full 0):
 PSYoungGen      total 361472K, used 96K [0x00000000e0980000, 0x00000000f9280000, 0x0000000100000000)
  eden space 357376K, 0% used [0x00000000e0980000,0x00000000e0980000,0x00000000f6680000)
  from space 4096K, 2% used [0x00000000f8e80000,0x00000000f8e98000,0x00000000f9280000)
  to   space 22528K, 0% used [0x00000000f6680000,0x00000000f6680000,0x00000000f7c80000)
 ParOldGen       total 65536K, used 31934K [0x00000000a1c00000, 0x00000000a5c00000, 0x00000000e0980000)
  object space 65536K, 48% used [0x00000000a1c00000,0x00000000a3b2f9f8,0x00000000a5c00000)
 Metaspace       used 3319K, capacity 4594K, committed 4864K, reserved 1056768K
  class space    used 353K, capacity 418K, committed 512K, reserved 1048576K
}
Event: 10.980 GC heap before
{Heap before GC invocations=11 (full 0):
 PSYoungGen      total 361472K, used 357472K [0x00000000e0980000, 0x00000000f9280000, 0x0000000100000000)
  eden space 357376K, 100% used [0x00000000e0980000,0x00000000f6680000,0x00000000f6680000)
  from space 4096K, 2% used [0x00000000f8e80000,0x00000000f8e98000,0x00000000f9280000)
  to   space 22528K, 0% used [0x00000000f6680000,0x00000000f6680000,0x00000000f7c80000)
 ParOldGen       total 65536K, used 31934K [0x00000000a1c00000, 0x00000000a5c00000, 0x00000000e0980000)
  object space 65536K, 48% used [0x00000000a1c00000,0x00000000a3b2f9f8,0x00000000a5c00000)
 Metaspace       used 3319K, capacity 4594K, committed 4864K, reserved 1056768K
  class space    used 353K, capacity 418K, committed 512K, reserved 1048576K
Event: 10.982 GC heap after
Heap after GC invocations=11 (full 0):
 PSYoungGen      total 341504K, used 32K [0x00000000e0980000, 0x00000000f8f00000, 0x0000000100000000)
  eden space 340992K, 0% used [0x00000000e0980000,0x00000000e0980000,0x00000000f5680000)
  from space 512K, 6% used [0x00000000f6680000,0x00000000f6688000,0x00000000f6700000)
  to   space 22016K, 0% used [0x00000000f7980000,0x00000000f7980000,0x00000000f8f00000)
 ParOldGen       total 65536K, used 31942K [0x00000000a1c00000, 0x00000000a5c00000, 0x00000000e0980000)
  object space 65536K, 48% used [0x00000000a1c00000,0x00000000a3b319f8,0x00000000a5c00000)
 Metaspace       used 3319K, capacity 4594K, committed 4864K, reserved 1056768K
  class space    used 353K, capacity 418K, committed 512K, reserved 1048576K
}
Event: 12.264 GC heap before
{Heap before GC invocations=12 (full 0):
 PSYoungGen      total 341504K, used 341024K [0x00000000e0980000, 0x00000000f8f00000, 0x0000000100000000)
  eden space 340992K, 100% used [0x00000000e0980000,0x00000000f5680000,0x00000000f5680000)
  from space 512K, 6% used [0x00000000f6680000,0x00000000f6688000,0x00000000f6700000)
  to   space 22016K, 0% used [0x00000000f7980000,0x00000000f7980000,0x00000000f8f00000)
 ParOldGen       total 65536K, used 31942K [0x00000000a1c00000, 0x00000000a5c00000, 0x00000000e0980000)
  object space 65536K, 48% used [0x00000000a1c00000,0x00000000a3b319f8,0x00000000a5c00000)
 Metaspace       used 3319K, capacity 4594K, committed 4864K, reserved 1056768K
  class space    used 353K, capacity 418K, committed 512K, reserved 1048576K
Event: 12.274 GC heap after
Heap after GC invocations=12 (full 0):
 PSYoungGen      total 325632K, used 64K [0x00000000e0980000, 0x00000000f7a00000, 0x0000000100000000)
  eden space 325120K, 0% used [0x00000000e0980000,0x00000000e0980000,0x00000000f4700000)
  from space 512K, 12% used [0x00000000f7980000,0x00000000f7990000,0x00000000f7a00000)
  to   space 20992K, 0% used [0x00000000f5100000,0x00000000f5100000,0x00000000f6580000)
 ParOldGen       total 65536K, used 31950K [0x00000000a1c00000, 0x00000000a5c00000, 0x00000000e0980000)
  object space 65536K, 48% used [0x00000000a1c00000,0x00000000a3b339f8,0x00000000a5c00000)
 Metaspace       used 3319K, capacity 4594K, committed 4864K, reserved 1056768K
  class space    used 353K, capacity 418K, committed 512K, reserved 1048576K
}

