# JRE version: Java(TM) SE Runtime Environment (8.0_31-b13) (build 1.8.0_31-b13)
# Java VM: Java HotSpot(TM) 64-Bit Server VM (25.31-b07 mixed mode windows-amd64 compressed oops)
Heap:
 PSYoungGen      total 126464K, used 27576K [0x00000000e0980000, 0x00000000e9e00000, 0x0000000100000000)
  eden space 122880K, 19% used [0x00000000e0980000,0x00000000e2121c18,0x00000000e8180000)
  from space 3584K, 94% used [0x00000000e8680000,0x00000000e89cc760,0x00000000e8a00000)
  to   space 13312K, 0% used [0x00000000e9100000,0x00000000e9100000,0x00000000e9e00000)
 ParOldGen       total 65536K, used 31958K [0x00000000a1c00000, 0x00000000a5c00000, 0x00000000e0980000)
  object space 65536K, 48% used [0x00000000a1c00000,0x00000000a3b359f8,0x00000000a5c00000)
 Metaspace       used 13169K, capacity 13348K, committed 13440K, reserved 1060864K
  class space    used 1825K, capacity 1866K, committed 1920K, reserved 1048576K
GC Heap History (10 events):
Event: 4.540 GC heap before
{Heap before GC invocations=17 (full 0):
 PSYoungGen      total 155648K, used 151072K [0x00000000e0980000, 0x00000000ebf00000, 0x0000000100000000)
  eden space 151040K, 100% used [0x00000000e0980000,0x00000000e9d00000,0x00000000e9d00000)
  from space 4608K, 0% used [0x00000000eba80000,0x00000000eba88000,0x00000000ebf00000)
  to   space 17408K, 0% used [0x00000000e9d00000,0x00000000e9d00000,0x00000000eae00000)
 ParOldGen       total 65536K, used 31934K [0x00000000a1c00000, 0x00000000a5c00000, 0x00000000e0980000)
  object space 65536K, 48% used [0x00000000a1c00000,0x00000000a3b2f9f8,0x00000000a5c00000)
 Metaspace       used 3318K, capacity 4594K, committed 4864K, reserved 1056768K
  class space    used 353K, capacity 418K, committed 512K, reserved 1048576K
Event: 4.541 GC heap after
Heap after GC invocations=17 (full 0):
 PSYoungGen      total 145408K, used 96K [0x00000000e0980000, 0x00000000ebb00000, 0x0000000100000000)
  eden space 144896K, 0% used [0x00000000e0980000,0x00000000e0980000,0x00000000e9700000)
  from space 512K, 18% used [0x00000000e9d00000,0x00000000e9d18000,0x00000000e9d80000)
  to   space 16384K, 0% used [0x00000000eab00000,0x00000000eab00000,0x00000000ebb00000)
 ParOldGen       total 65536K, used 31934K [0x00000000a1c00000, 0x00000000a5c00000, 0x00000000e0980000)
  object space 65536K, 48% used [0x00000000a1c00000,0x00000000a3b2f9f8,0x00000000a5c00000)
 Metaspace       used 3318K, capacity 4594K, committed 4864K, reserved 1056768K
  class space    used 353K, capacity 418K, committed 512K, reserved 1048576K
}
Event: 4.820 GC heap before
{Heap before GC invocations=18 (full 0):
 PSYoungGen      total 145408K, used 144992K [0x00000000e0980000, 0x00000000ebb00000, 0x0000000100000000)
  eden space 144896K, 100% used [0x00000000e0980000,0x00000000e9700000,0x00000000e9700000)
  from space 512K, 18% used [0x00000000e9d00000,0x00000000e9d18000,0x00000000e9d80000)
  to   space 16384K, 0% used [0x00000000eab00000,0x00000000eab00000,0x00000000ebb00000)
 ParOldGen       total 65536K, used 31934K [0x00000000a1c00000, 0x00000000a5c00000, 0x00000000e0980000)
  object space 65536K, 48% used [0x00000000a1c00000,0x00000000a3b2f9f8,0x00000000a5c00000)
 Metaspace       used 3318K, capacity 4594K, committed 4864K, reserved 1056768K
  class space    used 353K, capacity 418K, committed 512K, reserved 1048576K
Event: 4.821 GC heap after
Heap after GC invocations=18 (full 0):
 PSYoungGen      total 142848K, used 96K [0x00000000e0980000, 0x00000000eaf00000, 0x0000000100000000)
  eden space 138752K, 0% used [0x00000000e0980000,0x00000000e0980000,0x00000000e9100000)
  from space 4096K, 2% used [0x00000000eab00000,0x00000000eab18000,0x00000000eaf00000)
  to   space 15360K, 0% used [0x00000000e9100000,0x00000000e9100000,0x00000000ea000000)
 ParOldGen       total 65536K, used 31950K [0x00000000a1c00000, 0x00000000a5c00000, 0x00000000e0980000)
  object space 65536K, 48% used [0x00000000a1c00000,0x00000000a3b339f8,0x00000000a5c00000)
 Metaspace       used 3318K, capacity 4594K, committed 4864K, reserved 1056768K
  class space    used 353K, capacity 418K, committed 512K, reserved 1048576K
}
Event: 5.078 GC heap before
{Heap before GC invocations=19 (full 0):
 PSYoungGen      total 142848K, used 138848K [0x00000000e0980000, 0x00000000eaf00000, 0x0000000100000000)
  eden space 138752K, 100% used [0x00000000e0980000,0x00000000e9100000,0x00000000e9100000)
  from space 4096K, 2% used [0x00000000eab00000,0x00000000eab18000,0x00000000eaf00000)
  to   space 15360K, 0% used [0x00000000e9100000,0x00000000e9100000,0x00000000ea000000)
 ParOldGen       total 65536K, used 31950K [0x00000000a1c00000, 0x00000000a5c00000, 0x00000000e0980000)
  object space 65536K, 48% used [0x00000000a1c00000,0x00000000a3b339f8,0x00000000a5c00000)
 Metaspace       used 3318K, capacity 4594K, committed 4864K, reserved 1056768K
  class space    used 353K, capacity 418K, committed 512K, reserved 1048576K
Event: 5.079 GC heap after
Heap after GC invocations=19 (full 0):
 PSYoungGen      total 133632K, used 64K [0x00000000e0980000, 0x00000000eab80000, 0x0000000100000000)
  eden space 133120K, 0% used [0x00000000e0980000,0x00000000e0980000,0x00000000e8b80000)
  from space 512K, 12% used [0x00000000e9100000,0x00000000e9110000,0x00000000e9180000)
  to   space 14336K, 0% used [0x00000000e9d80000,0x00000000e9d80000,0x00000000eab80000)
 ParOldGen       total 65536K, used 31950K [0x00000000a1c00000, 0x00000000a5c00000, 0x00000000e0980000)
  object space 65536K, 48% used [0x00000000a1c00000,0x00000000a3b339f8,0x00000000a5c00000)
 Metaspace       used 3318K, capacity 4594K, committed 4864K, reserved 1056768K
  class space    used 353K, capacity 418K, committed 512K, reserved 1048576K
}
Event: 5.341 GC heap before
{Heap before GC invocations=20 (full 0):
 PSYoungGen      total 133632K, used 133184K [0x00000000e0980000, 0x00000000eab80000, 0x0000000100000000)
  eden space 133120K, 100% used [0x00000000e0980000,0x00000000e8b80000,0x00000000e8b80000)
  from space 512K, 12% used [0x00000000e9100000,0x00000000e9110000,0x00000000e9180000)
  to   space 14336K, 0% used [0x00000000e9d80000,0x00000000e9d80000,0x00000000eab80000)
 ParOldGen       total 65536K, used 31950K [0x00000000a1c00000, 0x00000000a5c00000, 0x00000000e0980000)
  object space 65536K, 48% used [0x00000000a1c00000,0x00000000a3b339f8,0x00000000a5c00000)
 Metaspace       used 3318K, capacity 4594K, committed 4864K, reserved 1056768K
  class space    used 353K, capacity 418K, committed 512K, reserved 1048576K
Event: 5.342 GC heap after
Heap after GC invocations=20 (full 0):
 PSYoungGen      total 132096K, used 96K [0x00000000e0980000, 0x00000000ea180000, 0x0000000100000000)
  eden space 128000K, 0% used [0x00000000e0980000,0x00000000e0980000,0x00000000e8680000)
  from space 4096K, 2% used [0x00000000e9d80000,0x00000000e9d98000,0x00000000ea180000)
  to   space 13824K, 0% used [0x00000000e8680000,0x00000000e8680000,0x00000000e9400000)
 ParOldGen       total 65536K, used 31950K [0x00000000a1c00000, 0x00000000a5c00000, 0x00000000e0980000)
  object space 65536K, 48% used [0x00000000a1c00000,0x00000000a3b339f8,0x00000000a5c00000)
 Metaspace       used 3318K, capacity 4594K, committed 4864K, reserved 1056768K
  class space    used 353K, capacity 418K, committed 512K, reserved 1048576K
}
Event: 17.717 GC heap before
{Heap before GC invocations=21 (full 0):
 PSYoungGen      total 132096K, used 128096K [0x00000000e0980000, 0x00000000ea180000, 0x0000000100000000)
  eden space 128000K, 100% used [0x00000000e0980000,0x00000000e8680000,0x00000000e8680000)
  from space 4096K, 2% used [0x00000000e9d80000,0x00000000e9d98000,0x00000000ea180000)
  to   space 13824K, 0% used [0x00000000e8680000,0x00000000e8680000,0x00000000e9400000)
 ParOldGen       total 65536K, used 31950K [0x00000000a1c00000, 0x00000000a5c00000, 0x00000000e0980000)
  object space 65536K, 48% used [0x00000000a1c00000,0x00000000a3b339f8,0x00000000a5c00000)
 Metaspace       used 12425K, capacity 12644K, committed 12928K, reserved 1060864K
  class space    used 1740K, capacity 1802K, committed 1920K, reserved 1048576K
Event: 17.722 GC heap after
Heap after GC invocations=21 (full 0):
 PSYoungGen      total 126464K, used 3377K [0x00000000e0980000, 0x00000000e9e00000, 0x0000000100000000)
  eden space 122880K, 0% used [0x00000000e0980000,0x00000000e0980000,0x00000000e8180000)
  from space 3584K, 94% used [0x00000000e8680000,0x00000000e89cc760,0x00000000e8a00000)
  to   space 13312K, 0% used [0x00000000e9100000,0x00000000e9100000,0x00000000e9e00000)
 ParOldGen       total 65536K, used 31958K [0x00000000a1c00000, 0x00000000a5c00000, 0x00000000e0980000)
  object space 65536K, 48% used [0x00000000a1c00000,0x00000000a3b359f8,0x00000000a5c00000)
 Metaspace       used 12425K, capacity 12644K, committed 12928K, reserved 1060864K
  class space    used 1740K, capacity 1802K, committed 1920K, reserved 1048576K
}

