# JRE version: Java(TM) SE Runtime Environment (8.0_31-b13) (build 1.8.0_31-b13)
# Java VM: Java HotSpot(TM) 64-Bit Server VM (25.31-b07 mixed mode windows-amd64 compressed oops)
Heap:
 PSYoungGen      total 28672K, used 4754K [0x00000000e0980000, 0x00000000e2980000, 0x0000000100000000)
  eden space 24576K, 19% used [0x00000000e0980000,0x00000000e0e24a70,0x00000000e2180000)
  from space 4096K, 0% used [0x00000000e2180000,0x00000000e2180000,0x00000000e2580000)
  to   space 4096K, 0% used [0x00000000e2580000,0x00000000e2580000,0x00000000e2980000)
 ParOldGen       total 48640K, used 3129K [0x00000000a1c00000, 0x00000000a4b80000, 0x00000000e0980000)
  object space 48640K, 6% used [0x00000000a1c00000,0x00000000a1f0e730,0x00000000a4b80000)
 Metaspace       used 12493K, capacity 12636K, committed 12928K, reserved 1064960K
  class space    used 1742K, capacity 1800K, committed 1920K, reserved 1048576K
GC Heap History (4 events):
Event: 1.849 GC heap before
{Heap before GC invocations=1 (full 0):
 PSYoungGen      total 28672K, used 20066K [0x00000000e0980000, 0x00000000e2980000, 0x0000000100000000)
  eden space 24576K, 81% used [0x00000000e0980000,0x00000000e1d18898,0x00000000e2180000)
  from space 4096K, 0% used [0x00000000e2580000,0x00000000e2580000,0x00000000e2980000)
  to   space 4096K, 0% used [0x00000000e2180000,0x00000000e2180000,0x00000000e2580000)
 ParOldGen       total 65536K, used 0K [0x00000000a1c00000, 0x00000000a5c00000, 0x00000000e0980000)
  object space 65536K, 0% used [0x00000000a1c00000,0x00000000a1c00000,0x00000000a5c00000)
 Metaspace       used 10018K, capacity 10098K, committed 10240K, reserved 1064960K
  class space    used 1383K, capacity 1411K, committed 1536K, reserved 1048576K
Event: 1.853 GC heap after
Heap after GC invocations=1 (full 0):
 PSYoungGen      total 28672K, used 3234K [0x00000000e0980000, 0x00000000e2980000, 0x0000000100000000)
  eden space 24576K, 0% used [0x00000000e0980000,0x00000000e0980000,0x00000000e2180000)
  from space 4096K, 78% used [0x00000000e2180000,0x00000000e24a88f8,0x00000000e2580000)
  to   space 4096K, 0% used [0x00000000e2580000,0x00000000e2580000,0x00000000e2980000)
 ParOldGen       total 65536K, used 16K [0x00000000a1c00000, 0x00000000a5c00000, 0x00000000e0980000)
  object space 65536K, 0% used [0x00000000a1c00000,0x00000000a1c04000,0x00000000a5c00000)
 Metaspace       used 10018K, capacity 10098K, committed 10240K, reserved 1064960K
  class space    used 1383K, capacity 1411K, committed 1536K, reserved 1048576K
}
Event: 1.853 GC heap before
{Heap before GC invocations=2 (full 1):
 PSYoungGen      total 28672K, used 3234K [0x00000000e0980000, 0x00000000e2980000, 0x0000000100000000)
  eden space 24576K, 0% used [0x00000000e0980000,0x00000000e0980000,0x00000000e2180000)
  from space 4096K, 78% used [0x00000000e2180000,0x00000000e24a88f8,0x00000000e2580000)
  to   space 4096K, 0% used [0x00000000e2580000,0x00000000e2580000,0x00000000e2980000)
 ParOldGen       total 65536K, used 16K [0x00000000a1c00000, 0x00000000a5c00000, 0x00000000e0980000)
  object space 65536K, 0% used [0x00000000a1c00000,0x00000000a1c04000,0x00000000a5c00000)
 Metaspace       used 10018K, capacity 10098K, committed 10240K, reserved 1064960K
  class space    used 1383K, capacity 1411K, committed 1536K, reserved 1048576K
Event: 1.871 GC heap after
Heap after GC invocations=2 (full 1):
 PSYoungGen      total 28672K, used 0K [0x00000000e0980000, 0x00000000e2980000, 0x0000000100000000)
  eden space 24576K, 0% used [0x00000000e0980000,0x00000000e0980000,0x00000000e2180000)
  from space 4096K, 0% used [0x00000000e2180000,0x00000000e2180000,0x00000000e2580000)
  to   space 4096K, 0% used [0x00000000e2580000,0x00000000e2580000,0x00000000e2980000)
 ParOldGen       total 48640K, used 3129K [0x00000000a1c00000, 0x00000000a4b80000, 0x00000000e0980000)
  object space 48640K, 6% used [0x00000000a1c00000,0x00000000a1f0e730,0x00000000a4b80000)
 Metaspace       used 10017K, capacity 10096K, committed 10240K, reserved 1062912K
  class space    used 1382K, capacity 1410K, committed 1536K, reserved 1048576K
}

