# JRE version: Java(TM) SE Runtime Environment (8.0_31-b13) (build 1.8.0_31-b13)
# Java VM: Java HotSpot(TM) 64-Bit Server VM (25.31-b07 mixed mode windows-amd64 compressed oops)
Heap:
 PSYoungGen      total 28672K, used 1847K [0x00000000e0980000, 0x00000000e2980000, 0x0000000100000000)
  eden space 24576K, 7% used [0x00000000e0980000,0x00000000e0b4df50,0x00000000e2180000)
  from space 4096K, 0% used [0x00000000e2580000,0x00000000e2580000,0x00000000e2980000)
  to   space 4096K, 0% used [0x00000000e2180000,0x00000000e2180000,0x00000000e2580000)
 ParOldGen       total 57344K, used 8614K [0x00000000a1c00000, 0x00000000a5400000, 0x00000000e0980000)
  object space 57344K, 15% used [0x00000000a1c00000,0x00000000a24698a0,0x00000000a5400000)
 Metaspace       used 12747K, capacity 12930K, committed 13184K, reserved 1062912K
  class space    used 1766K, capacity 1833K, committed 1920K, reserved 1048576K
GC Heap History (6 events):
Event: 1.374 GC heap before
{Heap before GC invocations=1 (full 0):
 PSYoungGen      total 28672K, used 24576K [0x00000000e0980000, 0x00000000e2980000, 0x0000000100000000)
  eden space 24576K, 100% used [0x00000000e0980000,0x00000000e2180000,0x00000000e2180000)
  from space 4096K, 0% used [0x00000000e2580000,0x00000000e2580000,0x00000000e2980000)
  to   space 4096K, 0% used [0x00000000e2180000,0x00000000e2180000,0x00000000e2580000)
 ParOldGen       total 65536K, used 0K [0x00000000a1c00000, 0x00000000a5c00000, 0x00000000e0980000)
  object space 65536K, 0% used [0x00000000a1c00000,0x00000000a1c00000,0x00000000a5c00000)
 Metaspace       used 3429K, capacity 4594K, committed 4864K, reserved 1056768K
  class space    used 361K, capacity 418K, committed 512K, reserved 1048576K
Event: 1.381 GC heap after
Heap after GC invocations=1 (full 0):
 PSYoungGen      total 28672K, used 4080K [0x00000000e0980000, 0x00000000e2980000, 0x0000000100000000)
  eden space 24576K, 0% used [0x00000000e0980000,0x00000000e0980000,0x00000000e2180000)
  from space 4096K, 99% used [0x00000000e2180000,0x00000000e257c010,0x00000000e2580000)
  to   space 4096K, 0% used [0x00000000e2580000,0x00000000e2580000,0x00000000e2980000)
 ParOldGen       total 65536K, used 5890K [0x00000000a1c00000, 0x00000000a5c00000, 0x00000000e0980000)
  object space 65536K, 8% used [0x00000000a1c00000,0x00000000a21c0aa0,0x00000000a5c00000)
 Metaspace       used 3429K, capacity 4594K, committed 4864K, reserved 1056768K
  class space    used 361K, capacity 418K, committed 512K, reserved 1048576K
}
Event: 3.631 GC heap before
{Heap before GC invocations=2 (full 0):
 PSYoungGen      total 28672K, used 24134K [0x00000000e0980000, 0x00000000e2980000, 0x0000000100000000)
  eden space 24576K, 81% used [0x00000000e0980000,0x00000000e1d15800,0x00000000e2180000)
  from space 4096K, 99% used [0x00000000e2180000,0x00000000e257c010,0x00000000e2580000)
  to   space 4096K, 0% used [0x00000000e2580000,0x00000000e2580000,0x00000000e2980000)
 ParOldGen       total 65536K, used 5890K [0x00000000a1c00000, 0x00000000a5c00000, 0x00000000e0980000)
  object space 65536K, 8% used [0x00000000a1c00000,0x00000000a21c0aa0,0x00000000a5c00000)
 Metaspace       used 12664K, capacity 12804K, committed 12928K, reserved 1064960K
  class space    used 1761K, capacity 1834K, committed 1920K, reserved 1048576K
Event: 3.638 GC heap after
Heap after GC invocations=2 (full 0):
 PSYoungGen      total 28672K, used 4091K [0x00000000e0980000, 0x00000000e2980000, 0x0000000100000000)
  eden space 24576K, 0% used [0x00000000e0980000,0x00000000e0980000,0x00000000e2180000)
  from space 4096K, 99% used [0x00000000e2580000,0x00000000e297ee60,0x00000000e2980000)
  to   space 4096K, 0% used [0x00000000e2180000,0x00000000e2180000,0x00000000e2580000)
 ParOldGen       total 65536K, used 7508K [0x00000000a1c00000, 0x00000000a5c00000, 0x00000000e0980000)
  object space 65536K, 11% used [0x00000000a1c00000,0x00000000a23550c8,0x00000000a5c00000)
 Metaspace       used 12664K, capacity 12804K, committed 12928K, reserved 1064960K
  class space    used 1761K, capacity 1834K, committed 1920K, reserved 1048576K
}
Event: 3.638 GC heap before
{Heap before GC invocations=3 (full 1):
 PSYoungGen      total 28672K, used 4091K [0x00000000e0980000, 0x00000000e2980000, 0x0000000100000000)
  eden space 24576K, 0% used [0x00000000e0980000,0x00000000e0980000,0x00000000e2180000)
  from space 4096K, 99% used [0x00000000e2580000,0x00000000e297ee60,0x00000000e2980000)
  to   space 4096K, 0% used [0x00000000e2180000,0x00000000e2180000,0x00000000e2580000)
 ParOldGen       total 65536K, used 7508K [0x00000000a1c00000, 0x00000000a5c00000, 0x00000000e0980000)
  object space 65536K, 11% used [0x00000000a1c00000,0x00000000a23550c8,0x00000000a5c00000)
 Metaspace       used 12664K, capacity 12804K, committed 12928K, reserved 1064960K
  class space    used 1761K, capacity 1834K, committed 1920K, reserved 1048576K
Event: 3.670 GC heap after
Heap after GC invocations=3 (full 1):
 PSYoungGen      total 28672K, used 0K [0x00000000e0980000, 0x00000000e2980000, 0x0000000100000000)
  eden space 24576K, 0% used [0x00000000e0980000,0x00000000e0980000,0x00000000e2180000)
  from space 4096K, 0% used [0x00000000e2580000,0x00000000e2580000,0x00000000e2980000)
  to   space 4096K, 0% used [0x00000000e2180000,0x00000000e2180000,0x00000000e2580000)
 ParOldGen       total 57344K, used 8614K [0x00000000a1c00000, 0x00000000a5400000, 0x00000000e0980000)
  object space 57344K, 15% used [0x00000000a1c00000,0x00000000a24698a0,0x00000000a5400000)
 Metaspace       used 12663K, capacity 12802K, committed 12928K, reserved 1062912K
  class space    used 1760K, capacity 1833K, committed 1920K, reserved 1048576K
}

